 Total Nb of available Diagnostics: ndiagt=   295
------------------------------------------------------------------------------------
  Num  |<-Name->|Levs|  mate |<- code ->|<--  Units   -->|<- Tile (max=80c)         
------------------------------------------------------------------------------------
     1 |SDIAG1  |  1 |       |SM      L1|user-defined    |User-Defined   Surface   Diagnostic  #1
     2 |SDIAG2  |  1 |       |SM      L1|user-defined    |User-Defined   Surface   Diagnostic  #2
     3 |SDIAG3  |  1 |       |SM      L1|user-defined    |User-Defined   Surface   Diagnostic  #3
     4 |SDIAG4  |  1 |       |SM      L1|user-defined    |User-Defined   Surface   Diagnostic  #4
     5 |SDIAG5  |  1 |       |SM      L1|user-defined    |User-Defined   Surface   Diagnostic  #5
     6 |SDIAG6  |  1 |       |SM      L1|user-defined    |User-Defined   Surface   Diagnostic  #6
     7 |SDIAG7  |  1 |       |SU      L1|user-defined    |User-Defined U.pt Surface Diagnostic #7
     8 |SDIAG8  |  1 |       |SV      L1|user-defined    |User-Defined V.pt Surface Diagnostic #8
     9 |SDIAG9  |  1 |    10 |UU      L1|user-defined    |User-Defined U.vector Surface Diag.  #9
    10 |SDIAG10 |  1 |     9 |VV      L1|user-defined    |User-Defined V.vector Surface Diag. #10
    11 |UDIAG1  | 50 |       |SM      MR|user-defined    |User-Defined Model-Level Diagnostic  #1
    12 |UDIAG2  | 50 |       |SM      MR|user-defined    |User-Defined Model-Level Diagnostic  #2
    13 |UDIAG3  | 50 |       |SMR     MR|user-defined    |User-Defined Model-Level Diagnostic  #3
    14 |UDIAG4  | 50 |       |SMR     MR|user-defined    |User-Defined Model-Level Diagnostic  #4
    15 |UDIAG5  | 50 |       |SU      MR|user-defined    |User-Defined U.pt Model-Level Diag.  #5
    16 |UDIAG6  | 50 |       |SV      MR|user-defined    |User-Defined V.pt Model-Level Diag.  #6
    17 |UDIAG7  | 50 |    18 |UUR     MR|user-defined    |User-Defined U.vector Model-Lev Diag.#7
    18 |UDIAG8  | 50 |    17 |VVR     MR|user-defined    |User-Defined V.vector Model-Lev Diag.#8
    19 |UDIAG9  | 50 |       |SM      ML|user-defined    |User-Defined Phys-Level  Diagnostic  #9
    20 |UDIAG10 | 50 |       |SM      ML|user-defined    |User-Defined Phys-Level  Diagnostic #10
    21 |SDIAGC  |  1 |    22 |SM  C   L1|user-defined    |User-Defined Counted Surface Diagnostic
    22 |SDIAGCC |  1 |       |SM      L1|count           |User-Defined Surface Diagnostic Counter
    23 |ETAN    |  1 |       |SM      M1|m               |Surface Height Anomaly
    24 |ETANSQ  |  1 |       |SM P    M1|m^2             |Square of Surface Height Anomaly
    25 |DETADT2 |  1 |       |SM      M1|m^2/s^2         |Square of Surface Height Anomaly Tendency
    26 |THETA   | 50 |       |SMR     MR|degC            |Potential Temperature
    27 |SALT    | 50 |       |SMR     MR|psu             |Salinity
    28 |RELHUM  | 50 |       |SMR     MR|percent         |Relative Humidity
    29 |SALTanom| 50 |       |SMR     MR|psu             |Salt anomaly (=SALT-35; g/kg)
    30 |UVEL    | 50 |    31 |UUR     MR|m/s             |Zonal Component of Velocity (m/s)
    31 |VVEL    | 50 |    30 |VVR     MR|m/s             |Meridional Component of Velocity (m/s)
    32 |WVEL    | 50 |       |WM      LR|m/s             |Vertical Component of Velocity (r_units/s)
    33 |THETASQ | 50 |       |SMRP    MR|degC^2          |Square of Potential Temperature
    34 |SALTSQ  | 50 |       |SMRP    MR|(psu)^2         |Square of Salinity
    35 |SALTSQan| 50 |       |SMRP    MR|(psu)^2         |Square of Salt anomaly (=(SALT-35)^2 (g^2/kg^2)
    36 |UVELSQ  | 50 |    37 |UURP    MR|m^2/s^2         |Square of Zonal Comp of Velocity (m^2/s^2)
    37 |VVELSQ  | 50 |    36 |VVRP    MR|m^2/s^2         |Square of Meridional Comp of Velocity (m^2/s^2)
    38 |WVELSQ  | 50 |       |WM P    LR|m^2/s^2         |Square of Vertical Comp of Velocity
    39 |UE_VEL_C| 50 |    40 |UMR     MR|m/s             |Eastward Velocity (m/s) (cell center)
    40 |VN_VEL_C| 50 |    39 |VMR     MR|m/s             |Northward Velocity (m/s) (cell center)
    41 |UV_VEL_C| 50 |    41 |UMR     MR|m^2/s^2         |Product of horizontal Comp of velocity (cell center)
    42 |UV_VEL_Z| 50 |    42 |UZR     MR|m^2/s^2         |Meridional Transport of Zonal Momentum (m^2/s^2)
    43 |WU_VEL  | 50 |       |WU      LR|m.m/s^2         |Vertical Transport of Zonal Momentum
    44 |WV_VEL  | 50 |       |WV      LR|m.m/s^2         |Vertical Transport of Meridional Momentum
    45 |UVELMASS| 50 |    46 |UUr     MR|m/s             |Zonal Mass-Weighted Comp of Velocity (m/s)
    46 |VVELMASS| 50 |    45 |VVr     MR|m/s             |Meridional Mass-Weighted Comp of Velocity (m/s)
    47 |WVELMASS| 50 |       |WM      LR|m/s             |Vertical Mass-Weighted Comp of Velocity
    48 |PhiVEL  | 50 |    45 |SMR P   MR|m^2/s           |Horizontal Velocity Potential (m^2/s)
    49 |PsiVEL  | 50 |    48 |SZ  P   MR|m.m^2/s         |Horizontal Velocity Stream-Function
    50 |UTHMASS | 50 |    51 |UUr     MR|degC.m/s        |Zonal Mass-Weight Transp of Pot Temp
    51 |VTHMASS | 50 |    50 |VVr     MR|degC.m/s        |Meridional Mass-Weight Transp of Pot Temp
    52 |WTHMASS | 50 |       |WM      LR|degC.m/s        |Vertical Mass-Weight Transp of Pot Temp (K.m/s)
    53 |USLTMASS| 50 |    54 |UUr     MR|psu.m/s         |Zonal Mass-Weight Transp of Salinity
    54 |VSLTMASS| 50 |    53 |VVr     MR|psu.m/s         |Meridional Mass-Weight Transp of Salinity
    55 |WSLTMASS| 50 |       |WM      LR|psu.m/s         |Vertical Mass-Weight Transp of Salinity
    56 |UVELTH  | 50 |    57 |UUR     MR|degC.m/s        |Zonal Transport of Pot Temp
    57 |VVELTH  | 50 |    56 |VVR     MR|degC.m/s        |Meridional Transport of Pot Temp
    58 |WVELTH  | 50 |       |WM      LR|degC.m/s        |Vertical Transport of Pot Temp
    59 |UVELSLT | 50 |    60 |UUR     MR|psu.m/s         |Zonal Transport of Salinity
    60 |VVELSLT | 50 |    59 |VVR     MR|psu.m/s         |Meridional Transport of Salinity
    61 |WVELSLT | 50 |       |WM      LR|psu.m/s         |Vertical Transport of Salinity
    62 |UVELPHI | 50 |    63 |UUr     MR|m^3/s^3         |Zonal Mass-Weight Transp of Pressure Pot.(p/rho) Anomaly
    63 |VVELPHI | 50 |    62 |VVr     MR|m^3/s^3         |Merid. Mass-Weight Transp of Pressure Pot.(p/rho) Anomaly
    64 |RHOAnoma| 50 |       |SMR     MR|kg/m^3          |Density Anomaly (=Rho-rhoConst)
    65 |RHOANOSQ| 50 |       |SMRP    MR|kg^2/m^6        |Square of Density Anomaly (=(Rho-rhoConst)^2)
    66 |URHOMASS| 50 |    67 |UUr     MR|kg/m^2/s        |Zonal Transport of Density
    67 |VRHOMASS| 50 |    66 |VVr     MR|kg/m^2/s        |Meridional Transport of Density
    68 |WRHOMASS| 50 |       |WM      LR|kg/m^2/s        |Vertical Transport of Density
    69 |WdRHO_P | 50 |       |WM      LR|kg/m^2/s        |Vertical velocity times delta^k(Rho)_at-const-P
    70 |WdRHOdP | 50 |       |WM      LR|kg/m^2/s        |Vertical velocity times delta^k(Rho)_at-const-T,S
    71 |PHIHYD  | 50 |       |SMR     MR|m^2/s^2         |Hydrostatic Pressure Pot.(p/rho) Anomaly
    72 |PHIHYDSQ| 50 |       |SMRP    MR|m^4/s^4         |Square of Hyd. Pressure Pot.(p/rho) Anomaly
    73 |PHIBOT  |  1 |       |SM      M1|m^2/s^2         |Bottom Pressure Pot.(p/rho) Anomaly
    74 |PHIBOTSQ|  1 |       |SM P    M1|m^4/s^4         |Square of Bottom Pressure Pot.(p/rho) Anomaly
    75 |PHIHYDcR| 50 |       |SMR     MR|m^2/s^2         |Hydrostatic Pressure Pot.(p/rho) Anomaly @ const r
    76 |MXLDEPTH|  1 |       |SM      M1|m               |Mixed-Layer Depth (>0)
    77 |DRHODR  | 50 |       |SM      LR|kg/m^4          |Stratification: d.Sigma/dr (kg/m3/r_unit)
    78 |CONVADJ | 50 |       |SMR     LR|fraction        |Convective Adjustment Index [0-1]
    79 |oceTAUX |  1 |    80 |UU      U1|N/m^2           |zonal surface wind stress, >0 increases uVel
    80 |oceTAUY |  1 |    79 |VV      U1|N/m^2           |meridional surf. wind stress, >0 increases vVel
    81 |atmPload|  1 |       |SM      U1|Pa              |Atmospheric pressure loading
    82 |sIceLoad|  1 |       |SM      U1|kg/m^2          |sea-ice loading (in Mass of ice+snow / area unit)
    83 |oceFWflx|  1 |       |SM      U1|kg/m^2/s        |net surface Fresh-Water flux into the ocean (+=down), >0 decreases salinity
    84 |oceSflux|  1 |       |SM      U1|g/m^2/s         |net surface Salt flux into the ocean (+=down), >0 increases salinity
    85 |oceQnet |  1 |       |SM      U1|W/m^2           |net surface heat flux into the ocean (+=down), >0 increases theta
    86 |oceQsw  |  1 |       |SM      U1|W/m^2           |net Short-Wave radiation (+=down), >0 increases theta
    87 |oceFreez|  1 |       |SM      U1|W/m^2           |heating from freezing of sea-water (allowFreezing=T)
    88 |TRELAX  |  1 |       |SM      U1|W/m^2           |surface temperature relaxation, >0 increases theta
    89 |SRELAX  |  1 |       |SM      U1|g/m^2/s         |surface salinity relaxation, >0 increases salt
    90 |surForcT|  1 |       |SM      U1|W/m^2           |model surface forcing for Temperature, >0 increases theta
    91 |surForcS|  1 |       |SM      U1|g/m^2/s         |model surface forcing for Salinity, >0 increases salinity
    92 |TFLUX   |  1 |       |SM      U1|W/m^2           |total heat flux (match heat-content variations), >0 increases theta
    93 |SFLUX   |  1 |       |SM      U1|g/m^2/s         |total salt flux (match salt-content variations), >0 increases salt
    94 |RCENTER | 50 |       |SM      MR|m               |Cell-Center Height
    95 |RSURF   |  1 |       |SM      M1|m               |Surface Height
    96 |TOTUTEND| 50 |    97 |UUR     MR|m/s/day         |Tendency of Zonal Component of Velocity
    97 |TOTVTEND| 50 |    96 |VVR     MR|m/s/day         |Tendency of Meridional Component of Velocity
    98 |TOTTTEND| 50 |       |SMR     MR|degC/day        |Tendency of Potential Temperature
    99 |TOTSTEND| 50 |       |SMR     MR|psu/day         |Tendency of Salinity
------------------------------------------------------------------------------------
  Num  |<-Name->|Levs|  mate |<- code ->|<--  Units   -->|<- Tile (max=80c)         
------------------------------------------------------------------------------------
   100 |MoistCor| 50 |       |SM      MR|W/m^2           |Heating correction due to moist thermodynamics
   101 |gT_Forc | 50 |       |SMR     MR|degC/s          |Potential Temp. forcing tendency
   102 |gS_Forc | 50 |       |SMR     MR|psu/s           |Salinity forcing tendency
   103 |AB_gT   | 50 |       |SMR     MR|degC/s          |Potential Temp. tendency from Adams-Bashforth
   104 |AB_gS   | 50 |       |SMR     MR|psu/s           |Salinity tendency from Adams-Bashforth
   105 |gTinAB  | 50 |       |SMR     MR|degC/s          |Potential Temp. tendency going in Adams-Bashforth
   106 |gSinAB  | 50 |       |SMR     MR|psu/s           |Salinity tendency going in Adams-Bashforth
   107 |AB_gU   | 50 |   108 |UUR     MR|m/s^2           |U momentum tendency from Adams-Bashforth
   108 |AB_gV   | 50 |   107 |VVR     MR|m/s^2           |V momentum tendency from Adams-Bashforth
   109 |ADVr_TH | 50 |       |WM      LR|degC.m^3/s      |Vertical   Advective Flux of Pot.Temperature
   110 |ADVx_TH | 50 |   111 |UU      MR|degC.m^3/s      |Zonal      Advective Flux of Pot.Temperature
   111 |ADVy_TH | 50 |   110 |VV      MR|degC.m^3/s      |Meridional Advective Flux of Pot.Temperature
   112 |DFrE_TH | 50 |       |WM      LR|degC.m^3/s      |Vertical Diffusive Flux of Pot.Temperature (Explicit part)
   113 |DFxE_TH | 50 |   114 |UU      MR|degC.m^3/s      |Zonal      Diffusive Flux of Pot.Temperature
   114 |DFyE_TH | 50 |   113 |VV      MR|degC.m^3/s      |Meridional Diffusive Flux of Pot.Temperature
   115 |DFrI_TH | 50 |       |WM      LR|degC.m^3/s      |Vertical Diffusive Flux of Pot.Temperature (Implicit part)
   116 |ADVr_SLT| 50 |       |WM      LR|psu.m^3/s       |Vertical   Advective Flux of Salinity
   117 |ADVx_SLT| 50 |   118 |UU      MR|psu.m^3/s       |Zonal      Advective Flux of Salinity
   118 |ADVy_SLT| 50 |   117 |VV      MR|psu.m^3/s       |Meridional Advective Flux of Salinity
   119 |DFrE_SLT| 50 |       |WM      LR|psu.m^3/s       |Vertical Diffusive Flux of Salinity    (Explicit part)
   120 |DFxE_SLT| 50 |   121 |UU      MR|psu.m^3/s       |Zonal      Diffusive Flux of Salinity
   121 |DFyE_SLT| 50 |   120 |VV      MR|psu.m^3/s       |Meridional Diffusive Flux of Salinity
   122 |DFrI_SLT| 50 |       |WM      LR|psu.m^3/s       |Vertical Diffusive Flux of Salinity    (Implicit part)
   123 |SALTFILL| 50 |       |SM      MR|psu.m^3/s       |Filling of Negative Values of Salinity
   124 |VISCAHZ | 50 |       |SZ      MR|m^2/s           |Harmonic Visc Coefficient (m2/s) (Zeta Pt)
   125 |VISCA4Z | 50 |       |SZ      MR|m^4/s           |Biharmonic Visc Coefficient (m4/s) (Zeta Pt)
   126 |VISCAHD | 50 |       |SM      MR|m^2/s           |Harmonic Viscosity Coefficient (m2/s) (Div Pt)
   127 |VISCA4D | 50 |       |SM      MR|m^4/s           |Biharmonic Viscosity Coefficient (m4/s) (Div Pt)
   128 |VISCAHW | 50 |       |WM      LR|m^2/s           |Harmonic Viscosity Coefficient (m2/s) (W Pt)
   129 |VISCA4W | 50 |       |WM      LR|m^4/s           |Biharmonic Viscosity Coefficient (m4/s) (W Pt)
   130 |VAHZMAX | 50 |       |SZ      MR|m^2/s           |CFL-MAX Harm Visc Coefficient (m2/s) (Zeta Pt)
   131 |VA4ZMAX | 50 |       |SZ      MR|m^4/s           |CFL-MAX Biharm Visc Coefficient (m4/s) (Zeta Pt)
   132 |VAHDMAX | 50 |       |SM      MR|m^2/s           |CFL-MAX Harm Visc Coefficient (m2/s) (Div Pt)
   133 |VA4DMAX | 50 |       |SM      MR|m^4/s           |CFL-MAX Biharm Visc Coefficient (m4/s) (Div Pt)
   134 |VAHZMIN | 50 |       |SZ      MR|m^2/s           |RE-MIN Harm Visc Coefficient (m2/s) (Zeta Pt)
   135 |VA4ZMIN | 50 |       |SZ      MR|m^4/s           |RE-MIN Biharm Visc Coefficient (m4/s) (Zeta Pt)
   136 |VAHDMIN | 50 |       |SM      MR|m^2/s           |RE-MIN Harm Visc Coefficient (m2/s) (Div Pt)
   137 |VA4DMIN | 50 |       |SM      MR|m^4/s           |RE-MIN Biharm Visc Coefficient (m4/s) (Div Pt)
   138 |VAHZLTH | 50 |       |SZ      MR|m^2/s           |Leith Harm Visc Coefficient (m2/s) (Zeta Pt)
   139 |VA4ZLTH | 50 |       |SZ      MR|m^4/s           |Leith Biharm Visc Coefficient (m4/s) (Zeta Pt)
   140 |VAHDLTH | 50 |       |SM      MR|m^2/s           |Leith Harm Visc Coefficient (m2/s) (Div Pt)
   141 |VA4DLTH | 50 |       |SM      MR|m^4/s           |Leith Biharm Visc Coefficient (m4/s) (Div Pt)
   142 |VAHZLTHD| 50 |       |SZ      MR|m^2/s           |LeithD Harm Visc Coefficient (m2/s) (Zeta Pt)
   143 |VA4ZLTHD| 50 |       |SZ      MR|m^4/s           |LeithD Biharm Visc Coefficient (m4/s) (Zeta Pt)
   144 |VAHDLTHD| 50 |       |SM      MR|m^2/s           |LeithD Harm Visc Coefficient (m2/s) (Div Pt)
   145 |VA4DLTHD| 50 |       |SM      MR|m^4/s           |LeithD Biharm Visc Coefficient (m4/s) (Div Pt)
   146 |VAHZSMAG| 50 |       |SZ      MR|m^2/s           |Smagorinsky Harm Visc Coefficient (m2/s) (Zeta Pt)
   147 |VA4ZSMAG| 50 |       |SZ      MR|m^4/s           |Smagorinsky Biharm Visc Coeff. (m4/s) (Zeta Pt)
   148 |VAHDSMAG| 50 |       |SM      MR|m^2/s           |Smagorinsky Harm Visc Coefficient (m2/s) (Div Pt)
   149 |VA4DSMAG| 50 |       |SM      MR|m^4/s           |Smagorinsky Biharm Visc Coeff. (m4/s) (Div Pt)
   150 |momKE   | 50 |       |SMR     MR|m^2/s^2         |Kinetic Energy (in momentum Eq.)
   151 |momHDiv | 50 |       |SMR     MR|s^-1            |Horizontal Divergence (in momentum Eq.)
   152 |momVort3| 50 |       |SZR     MR|s^-1            |3rd component (vertical) of Vorticity
   153 |Strain  | 50 |       |SZR     MR|s^-1            |Horizontal Strain of Horizontal Velocities
   154 |Tension | 50 |       |SMR     MR|s^-1            |Horizontal Tension of Horizontal Velocities
   155 |UBotDrag| 50 |   156 |UUR     MR|m/s^2           |U momentum tendency from Bottom Drag
   156 |VBotDrag| 50 |   155 |VVR     MR|m/s^2           |V momentum tendency from Bottom Drag
   157 |USidDrag| 50 |   158 |UUR     MR|m/s^2           |U momentum tendency from Side Drag
   158 |VSidDrag| 50 |   157 |VVR     MR|m/s^2           |V momentum tendency from Side Drag
   159 |Um_Diss | 50 |   160 |UUR     MR|m/s^2           |U momentum tendency from Dissipation
   160 |Vm_Diss | 50 |   159 |VVR     MR|m/s^2           |V momentum tendency from Dissipation
   161 |Um_Advec| 50 |   162 |UUR     MR|m/s^2           |U momentum tendency from Advection terms
   162 |Vm_Advec| 50 |   161 |VVR     MR|m/s^2           |V momentum tendency from Advection terms
   163 |Um_Cori | 50 |   164 |UUR     MR|m/s^2           |U momentum tendency from Coriolis term
   164 |Vm_Cori | 50 |   163 |VVR     MR|m/s^2           |V momentum tendency from Coriolis term
   165 |Um_dPHdx| 50 |   166 |UUR     MR|m/s^2           |U momentum tendency from Hydrostatic Pressure grad
   166 |Vm_dPHdy| 50 |   165 |VVR     MR|m/s^2           |V momentum tendency from Hydrostatic Pressure grad
   167 |Um_Ext  | 50 |   168 |UUR     MR|m/s^2           |U momentum tendency from external forcing
   168 |Vm_Ext  | 50 |   167 |VVR     MR|m/s^2           |V momentum tendency from external forcing
   169 |Um_AdvZ3| 50 |   170 |UUR     MR|m/s^2           |U momentum tendency from Vorticity Advection
   170 |Vm_AdvZ3| 50 |   169 |VVR     MR|m/s^2           |V momentum tendency from Vorticity Advection
   171 |Um_AdvRe| 50 |   172 |UUR     MR|m/s^2           |U momentum tendency from vertical Advection (Explicit part)
   172 |Vm_AdvRe| 50 |   171 |VVR     MR|m/s^2           |V momentum tendency from vertical Advection (Explicit part)
   173 |VISrI_Um| 50 |       |WU      LR|m^4/s^2         |Vertical   Viscous Flux of U momentum (Implicit part)
   174 |VISrI_Vm| 50 |       |WV      LR|m^4/s^2         |Vertical   Viscous Flux of V momentum (Implicit part)
   175 |EXFhs   |  1 |       |SM      U1|W/m^2           |Sensible heat flux into ocean, >0 increases theta
   176 |EXFhl   |  1 |       |SM      U1|W/m^2           |Latent heat flux into ocean, >0 increases theta
   177 |EXFlwnet|  1 |       |SM      U1|W/m^2           |Net upward longwave radiation, >0 decreases theta
   178 |EXFswnet|  1 |       |SM      U1|W/m^2           |Net upward shortwave radiation, >0 decreases theta
   179 |EXFlwdn |  1 |       |SM      U1|W/m^2           |Downward longwave radiation, >0 increases theta
   180 |EXFswdn |  1 |       |SM      U1|W/m^2           |Downward shortwave radiation, >0 increases theta
   181 |EXFqnet |  1 |       |SM      U1|W/m^2           |Net upward heat flux (turb+rad), >0 decreases theta
   182 |EXFtaux |  1 |       |UM      U1|N/m^2           |zonal surface wind stress, >0 increases uVel
   183 |EXFtauy |  1 |       |VM      U1|N/m^2           |meridional surface wind stress, >0 increases vVel
   184 |EXFuwind|  1 |       |UM      U1|m/s             |zonal 10-m wind speed, >0 increases uVel
   185 |EXFvwind|  1 |       |VM      U1|m/s             |meridional 10-m wind speed, >0 increases uVel
   186 |EXFwspee|  1 |       |SM      U1|m/s             |10-m wind speed modulus ( >= 0 )
   187 |EXFatemp|  1 |       |SM      U1|degK            |surface (2-m) air temperature
   188 |EXFaqh  |  1 |       |SM      U1|kg/kg           |surface (2-m) specific humidity
   189 |EXFevap |  1 |       |SM      U1|m/s             |evaporation, > 0 increases salinity
   190 |EXFpreci|  1 |       |SM      U1|m/s             |precipitation, > 0 decreases salinity
   191 |EXFsnow |  1 |       |SM      U1|m/s             |snow precipitation, > 0 decreases salinity
   192 |EXFempmr|  1 |       |SM      U1|m/s             |net upward freshwater flux, > 0 increases salinity
   193 |EXFpress|  1 |       |SM      U1|N/m^2           |atmospheric pressure field
   194 |EXFroff |  1 |       |SM      U1|m/s             |river runoff, > 0 decreases salinity
   195 |EXFroft |  1 |       |SM      U1|deg C           |river runoff temperature
   196 |GGL90TKE| 50 |       |SM      LR|m^2/s^2         |GGL90 sub-grid turbulent kinetic energy
   197 |GGL90Lmx| 50 |       |SM      LR|m               |Mixing length scale
   198 |GGL90Prl| 50 |       |SM      LR|1               |Prandtl number used in GGL90
   199 |GGL90ArU| 50 |       |SM      LR|m^2/s           |GGL90 eddy viscosity at U-point
------------------------------------------------------------------------------------
  Num  |<-Name->|Levs|  mate |<- code ->|<--  Units   -->|<- Tile (max=80c)         
------------------------------------------------------------------------------------
   200 |GGL90ArV| 50 |       |SM      LR|m^2/s           |GGL90 eddy viscosity at V-point
   201 |GGL90Kr | 50 |       |SM      LR|m^2/s           |GGL90 diffusion coefficient for temperature
   202 |GGL90flx|  1 |       |SM      L1|m^3/s^3         |Surface flux of TKE
   203 |GGL90tau|  1 |       |SM      L1|m^3/s^3         |Work done by the wind
   204 |GM_VisbK|  1 |       |SM P    M1|m^2/s           |Mixing coefficient from Visbeck etal parameterization
   205 |GM_hTrsL|  1 |       |SM P    M1|m               |Base depth (>0) of the Transition Layer
   206 |GM_baseS|  1 |       |SM P    M1|1               |Slope at the base of the Transition Layer
   207 |GM_rLamb|  1 |       |SM P    M1|1/m             |Slope vertical gradient at Trans. Layer Base (=recip.Lambda)
   208 |GM_Kux  | 50 |   209 |UU P    MR|m^2/s           |K_11 element (U.point, X.dir) of GM-Redi tensor
   209 |GM_Kvy  | 50 |   208 |VV P    MR|m^2/s           |K_22 element (V.point, Y.dir) of GM-Redi tensor
   210 |GM_Kuz  | 50 |   211 |UU      MR|m^2/s           |K_13 element (U.point, Z.dir) of GM-Redi tensor
   211 |GM_Kvz  | 50 |   210 |VV      MR|m^2/s           |K_23 element (V.point, Z.dir) of GM-Redi tensor
   212 |GM_Kwx  | 50 |   213 |UM      LR|m^2/s           |K_31 element (W.point, X.dir) of GM-Redi tensor
   213 |GM_Kwy  | 50 |   212 |VM      LR|m^2/s           |K_32 element (W.point, Y.dir) of GM-Redi tensor
   214 |GM_Kwz  | 50 |       |WM P    LR|m^2/s           |K_33 element (W.point, Z.dir) of GM-Redi tensor
   215 |GM_PsiX | 50 |   216 |UU      LR|m^2/s           |GM Bolus transport stream-function : U component
   216 |GM_PsiY | 50 |   215 |VV      LR|m^2/s           |GM Bolus transport stream-function : V component
   217 |GM_KuzTz| 50 |   218 |UU      MR|degC.m^3/s      |Redi Off-diagonal Temperature flux: X component
   218 |GM_KvzTz| 50 |   217 |VV      MR|degC.m^3/s      |Redi Off-diagonal Temperature flux: Y component
   219 |GM_KwzTz| 50 |       |WM      LR|degC.m^3/s      |Redi main-diagonal vertical Temperature flux
   220 |GM_ubT  | 50 |   221 |UUr     MR|degC.m^3/s      |Zonal Mass-Weight Bolus Transp of Pot Temp
   221 |GM_vbT  | 50 |   220 |VVr     MR|degC.m^3/s      |Meridional Mass-Weight Bolus Transp of Pot Temp
   222 |SIarea  |  1 |       |SM      M1|m^2/m^2         |SEAICE fractional ice-covered area [0 to 1]
   223 |SIareaPR|  1 |       |SM      M1|m^2/m^2         |SIarea preceeding ridging process
   224 |SIareaPT|  1 |       |SM      M1|m^2/m^2         |SIarea preceeding thermodynamic growth/melt
   225 |SIheff  |  1 |       |SM      M1|m               |SEAICE effective ice thickness
   226 |SIheffPT|  1 |       |SM      M1|m               |SIheff preceeeding thermodynamic growth/melt
   227 |SIhsnow |  1 |       |SM      M1|m               |SEAICE effective snow thickness
   228 |SIhsnoPT|  1 |       |SM      M1|m               |SIhsnow preceeeding thermodynamic growth/melt
   229 |SIhsalt |  1 |       |SM      M1|g/m^2           |SEAICE effective salinity
   230 |SItices |  1 |   222 |SM  C   M1|K               |Surface Temperature over Sea-Ice (area weighted)
   231 |SIuice  |  1 |   232 |UU      M1|m/s             |SEAICE zonal ice velocity, >0 from West to East
   232 |SIvice  |  1 |   231 |VV      M1|m/s             |SEAICE merid. ice velocity, >0 from South to North
   233 |SIfu    |  1 |   234 |UU      U1|N/m^2           |SEAICE zonal surface wind stress, >0 increases uVel
   234 |SIfv    |  1 |   233 |VV      U1|N/m^2           |SEAICE merid. surface wind stress, >0 increases vVel
   235 |SIuwind |  1 |   236 |UM      U1|m/s             |SEAICE zonal 10-m wind speed, >0 increases uVel
   236 |SIvwind |  1 |   235 |VM      U1|m/s             |SEAICE meridional 10-m wind speed, >0 increases uVel
   237 |SIqnet  |  1 |       |SM      U1|W/m^2           |Ocean surface heatflux, turb+rad, >0 decreases theta
   238 |SIqsw   |  1 |       |SM      U1|W/m^2           |Ocean surface shortwave radiat., >0 decreases theta
   239 |SIatmQnt|  1 |       |SM      U1|W/m^2           |Net atmospheric heat flux, >0 decreases theta
   240 |SItflux |  1 |       |SM      U1|W/m^2           |Same as TFLUX but incl seaice (>0 incr T decr H)
   241 |SIaaflux|  1 |       |SM      U1|W/m^2           |conservative ocn<->seaice adv. heat flux adjust.
   242 |SIhl    |  1 |       |SM      U1|W/m^2           |Latent heat flux into ocean, >0 increases theta
   243 |SIqneto |  1 |       |SM      U1|W/m^2           |Open Ocean Part of SIqnet, turb+rad, >0 decr theta
   244 |SIqneti |  1 |       |SM      U1|W/m^2           |Ice Covered Part of SIqnet, turb+rad, >0 decr theta
   245 |SIempmr |  1 |       |SM      U1|kg/m^2/s        |Ocean surface freshwater flux, > 0 increases salt
   246 |SIatmFW |  1 |       |SM      U1|kg/m^2/s        |Net freshwater flux from atmosphere & land (+=down)
   247 |SIsnPrcp|  1 |       |SM      U1|kg/m^2/s        |Snow precip. (+=dw) over Sea-Ice (area weighted)
   248 |SIfwSubl|  1 |       |SM      U1|kg/m^2/s        |Potential sublimation freshwater flux, >0 decr. ice
   249 |SIacSubl|  1 |       |SM      U1|kg/m^2/s        |Actual sublimation freshwater flux, >0 decr. ice
   250 |SIrsSubl|  1 |       |SM      U1|kg/m^2/s        |Residual subl. freshwater flux, >0 taken from ocn
   251 |SIactLHF|  1 |       |SM      U1|W/m^2           |Actual latent heat flux over ice
   252 |SImaxLHF|  1 |       |SM      U1|W/m^2           |Maximum latent heat flux over ice
   253 |SIaQbOCN|  1 |       |SM      M1|m/s             |Potential HEFF rate of change by ocean ice flux
   254 |SIaQbATC|  1 |       |SM      M1|m/s             |Potential HEFF rate of change by atm flux over ice
   255 |SIaQbATO|  1 |       |SM      M1|m/s             |Potential HEFF rate of change by open ocn atm flux
   256 |SIdHbOCN|  1 |       |SM      M1|m/s             |HEFF rate of change by ocean ice flux
   257 |SIdSbATC|  1 |       |SM      M1|m/s             |HSNOW rate of change by atm flux over sea ice
   258 |SIdSbOCN|  1 |       |SM      M1|m/s             |HSNOW rate of change by ocean ice flux
   259 |SIdHbATC|  1 |       |SM      M1|m/s             |HEFF rate of change by atm flux over sea ice
   260 |SIdHbATO|  1 |       |SM      M1|m/s             |HEFF rate of change by open ocn atm flux
   261 |SIdHbFLO|  1 |       |SM      M1|m/s             |HEFF rate of change by flooding snow
   262 |SIdAbATO|  1 |       |SM      M1|m^2/m^2/s       |Potential AREA rate of change by open ocn atm flux
   263 |SIdAbATC|  1 |       |SM      M1|m^2/m^2/s       |Potential AREA rate of change by atm flux over ice
   264 |SIdAbOCN|  1 |       |SM      M1|m^2/m^2/s       |Potential AREA rate of change by ocean ice flux
   265 |SIdA    |  1 |       |SM      M1|m^2/m^2/s       |AREA rate of change (net)
   266 |ADVxHEFF|  1 |   267 |UU      M1|m.m^2/s         |Zonal      Advective Flux of eff ice thickn
   267 |ADVyHEFF|  1 |   266 |VV      M1|m.m^2/s         |Meridional Advective Flux of eff ice thickn
   268 |SIuheff |  1 |   269 |UU      M1|m^2/s           |Zonal      Transport of eff ice thickn (centered)
   269 |SIvheff |  1 |   268 |VV      M1|m^2/s           |Meridional Transport of eff ice thickn (centered)
   270 |DFxEHEFF|  1 |   271 |UU      M1|m^2/s           |Zonal      Diffusive Flux of eff ice thickn
   271 |DFyEHEFF|  1 |   270 |VV      M1|m^2/s           |Meridional Diffusive Flux of eff ice thickn
   272 |ADVxAREA|  1 |   273 |UU      M1|m^2/m^2.m^2/s   |Zonal      Advective Flux of fract area
   273 |ADVyAREA|  1 |   272 |VV      M1|m^2/m^2.m^2/s   |Meridional Advective Flux of fract area
   274 |DFxEAREA|  1 |   275 |UU      M1|m^2/m^2.m^2/s   |Zonal      Diffusive Flux of fract area
   275 |DFyEAREA|  1 |   274 |VV      M1|m^2/m^2.m^2/s   |Meridional Diffusive Flux of fract area
   276 |ADVxSNOW|  1 |   277 |UU      M1|m.m^2/s         |Zonal      Advective Flux of eff snow thickn
   277 |ADVySNOW|  1 |   276 |VV      M1|m.m^2/s         |Meridional Advective Flux of eff snow thickn
   278 |DFxESNOW|  1 |   279 |UU      M1|m.m^2/s         |Zonal      Diffusive Flux of eff snow thickn
   279 |DFyESNOW|  1 |   278 |VV      M1|m.m^2/s         |Meridional Diffusive Flux of eff snow thickn
   280 |ADVxSSLT|  1 |   281 |UU      M1|psu.m^2/s       |Zonal      Advective Flux of seaice salinity
   281 |ADVySSLT|  1 |   280 |VV      M1|psu.m^2/s       |Meridional Advective Flux of seaice salinity
   282 |DFxESSLT|  1 |   283 |UU      M1|psu.m^2/s       |Zonal      Diffusive Flux of seaice salinity
   283 |DFyESSLT|  1 |   282 |VV      M1|psu.m^2/s       |Meridional Diffusive Flux of seaice salinity
   284 |SIpress |  1 |       |SM      M1|m^2/s^2         |SEAICE strength (with upper and lower limit)
   285 |SIzeta  |  1 |       |SM      M1|m^2/s           |SEAICE nonlinear bulk viscosity
   286 |SIeta   |  1 |       |SM      M1|m^2/s           |SEAICE nonlinear shear viscosity
   287 |SIsigI  |  1 |       |SM      M1|no units        |SEAICE normalized principle stress, component one
   288 |SIsigII |  1 |       |SM      M1|no units        |SEAICE normalized principle stress, component two
   289 |SIshear |  1 |       |SM      M1|s^{-1}          |SEAICE shear deformation
   290 |SIdelta |  1 |       |SM      M1|s^{-1}          |SEAICE Delta deformation
   291 |SItensil|  1 |       |SM      M1|m^2/s^2         |SEAICE maximal tensile strength
   292 |PLUMEKB | 50 |       |SM      MR|                |fractional plume: [0-1] (unitless)
   293 |oceSPtnd| 50 |       |SM      MR|g/m^2/s         |salt tendency due to salt plume flux >0 increases salinity
   294 |oceSPflx|  1 |       |SM      U1|g/m^2/s         |net surface Salt flux rejected into the ocean during freezing, (+=down),
   295 |oceSPDep|  1 |       |SM      U1|m               |Salt plume depth based on density criterion (>0)
------------------------------------------------------------------------------------
  Num  |<-Name->|Levs|  mate |<- code ->|<--  Units   -->|<- Tile (max=80c)         
------------------------------------------------------------------------------------
