1.0000
0.8317  0.4233
0.8643  0.2526
0.9149  0.1984
0.9624  0.1776
1.0082  0.1647
1.0377  0.1547
1.0513  0.1472
1.0652  0.1397
1.0666  0.1354
1.0682  0.1312
1.0695  0.1289
1.0702  0.1283
1.0669  0.1274
1.0419  0.1241
1.0094  0.1202
0.9605  0.1150
0.8961  0.1085
0.8314  0.1013
0.7588  0.0932
0.7055  0.0870
0.6744  0.0808
0.6355  0.0735
0.5794  0.0665
0.5250  0.0588
0.4699  0.0506
0.4113  0.0427
0.3484  0.0368
0.2855  0.0343
0.2380  0.0326
0.2035  0.0305
0.1687  0.0278
0.1459  0.0251
0.1298  0.0228
0.1132  0.0201
0.1006  0.0173
0.0866  0.0142
0.0851  0.0143
0.0808  0.0137
0.0736  0.0121
0.0651  0.0101
0.0603  0.0100
0.0541  0.0100
0.0522  0.0100
0.0509  0.0100
0.0450  0.0100
0.0416  0.0100
0.0387  0.0100
0.0317  0.0100
0.0352  0.0100
0.0100  0.0100
