 Total Nb of available Diagnostics: ndiagt=   399
------------------------------------------------------------------------------------
  Num  |<-Name->|Levs|  mate |<- code ->|<--  Units   -->|<- Tile (max=80c)         
------------------------------------------------------------------------------------
     1 |SDIAG1  |  1 |       |SM      L1|user-defined    |User-Defined   Surface   Diagnostic  #1
     2 |SDIAG2  |  1 |       |SM      L1|user-defined    |User-Defined   Surface   Diagnostic  #2
     3 |SDIAG3  |  1 |       |SM      L1|user-defined    |User-Defined   Surface   Diagnostic  #3
     4 |SDIAG4  |  1 |       |SM      L1|user-defined    |User-Defined   Surface   Diagnostic  #4
     5 |SDIAG5  |  1 |       |SM      L1|user-defined    |User-Defined   Surface   Diagnostic  #5
     6 |SDIAG6  |  1 |       |SM      L1|user-defined    |User-Defined   Surface   Diagnostic  #6
     7 |SDIAG7  |  1 |       |SU      L1|user-defined    |User-Defined U.pt Surface Diagnostic #7
     8 |SDIAG8  |  1 |       |SV      L1|user-defined    |User-Defined V.pt Surface Diagnostic #8
     9 |SDIAG9  |  1 |    10 |UU      L1|user-defined    |User-Defined U.vector Surface Diag.  #9
    10 |SDIAG10 |  1 |     9 |VV      L1|user-defined    |User-Defined V.vector Surface Diag. #10
    11 |UDIAG1  | 50 |       |SM      MR|user-defined    |User-Defined Model-Level Diagnostic  #1
    12 |UDIAG2  | 50 |       |SM      MR|user-defined    |User-Defined Model-Level Diagnostic  #2
    13 |UDIAG3  | 50 |       |SMR     MR|user-defined    |User-Defined Model-Level Diagnostic  #3
    14 |UDIAG4  | 50 |       |SMR     MR|user-defined    |User-Defined Model-Level Diagnostic  #4
    15 |UDIAG5  | 50 |       |SU      MR|user-defined    |User-Defined U.pt Model-Level Diag.  #5
    16 |UDIAG6  | 50 |       |SV      MR|user-defined    |User-Defined V.pt Model-Level Diag.  #6
    17 |UDIAG7  | 50 |    18 |UUR     MR|user-defined    |User-Defined U.vector Model-Lev Diag.#7
    18 |UDIAG8  | 50 |    17 |VVR     MR|user-defined    |User-Defined V.vector Model-Lev Diag.#8
    19 |UDIAG9  | 50 |       |SM      ML|user-defined    |User-Defined Phys-Level  Diagnostic  #9
    20 |UDIAG10 | 50 |       |SM      ML|user-defined    |User-Defined Phys-Level  Diagnostic #10
    21 |SDIAGC  |  1 |    22 |SM  C   L1|user-defined    |User-Defined Counted Surface Diagnostic
    22 |SDIAGCC |  1 |       |SM      L1|count           |User-Defined Surface Diagnostic Counter
    23 |ETAN    |  1 |       |SM      M1|m               |Surface Height Anomaly
    24 |SSH     |  1 |       |SM      M1|m               |Dynamic Sea Surface Height Anomaly
    25 |SSHIBC  |  1 |       |SM      M1|m               |Inverted Barometer (IB) Correction to Sea Surface Height
    26 |SSHNOIBC|  1 |       |SM      M1|m               |Sea Surface Height Anomaly without IB Correction (=SSH+SSHIBC)
    27 |ETANSQ  |  1 |       |SM P    M1|m^2             |Square of Surface Height Anomaly
    28 |DETADT2 |  1 |       |SM      M1|m^2/s^2         |Square of Surface Height Anomaly Tendency
    29 |THETA   | 50 |       |SMR     MR|degC            |Potential Temperature
    30 |SALT    | 50 |       |SMR     MR|psu             |Salinity
    31 |RELHUM  | 50 |       |SMR     MR|percent         |Relative Humidity
    32 |SALTanom| 50 |       |SMR     MR|psu             |Salt anomaly (=SALT-35; g/kg)
    33 |UVEL    | 50 |    34 |UUR     MR|m/s             |Zonal Component of Velocity (m/s)
    34 |VVEL    | 50 |    33 |VVR     MR|m/s             |Meridional Component of Velocity (m/s)
    35 |WVEL    | 50 |       |WM      LR|m/s             |Vertical Component of Velocity (r_units/s)
    36 |THETASQ | 50 |       |SMRP    MR|degC^2          |Square of Potential Temperature
    37 |SALTSQ  | 50 |       |SMRP    MR|(psu)^2         |Square of Salinity
    38 |SALTSQan| 50 |       |SMRP    MR|(psu)^2         |Square of Salt anomaly (=(SALT-35)^2 (g^2/kg^2)
    39 |UVELSQ  | 50 |    40 |UURP    MR|m^2/s^2         |Square of Zonal Comp of Velocity (m^2/s^2)
    40 |VVELSQ  | 50 |    39 |VVRP    MR|m^2/s^2         |Square of Meridional Comp of Velocity (m^2/s^2)
    41 |WVELSQ  | 50 |       |WM P    LR|m^2/s^2         |Square of Vertical Comp of Velocity
    42 |UE_VEL_C| 50 |    43 |UMR     MR|m/s             |Eastward Velocity (m/s) (cell center)
    43 |VN_VEL_C| 50 |    42 |VMR     MR|m/s             |Northward Velocity (m/s) (cell center)
    44 |UV_VEL_C| 50 |    44 |UMR     MR|m^2/s^2         |Product of horizontal Comp of velocity (cell center)
    45 |UV_VEL_Z| 50 |    45 |UZR     MR|m^2/s^2         |Meridional Transport of Zonal Momentum (m^2/s^2)
    46 |WU_VEL  | 50 |       |WU      LR|m.m/s^2         |Vertical Transport of Zonal Momentum
    47 |WV_VEL  | 50 |       |WV      LR|m.m/s^2         |Vertical Transport of Meridional Momentum
    48 |UVELMASS| 50 |    49 |UUr     MR|m/s             |Zonal Mass-Weighted Comp of Velocity (m/s)
    49 |VVELMASS| 50 |    48 |VVr     MR|m/s             |Meridional Mass-Weighted Comp of Velocity (m/s)
    50 |WVELMASS| 50 |       |WM      LR|m/s             |Vertical Mass-Weighted Comp of Velocity
    51 |PhiVEL  | 50 |    48 |SMR P   MR|m^2/s           |Horizontal Velocity Potential (m^2/s)
    52 |PsiVEL  | 50 |    51 |SZ  P   MR|m.m^2/s         |Horizontal Velocity Stream-Function
    53 |UTHMASS | 50 |    54 |UUr     MR|degC.m/s        |Zonal Mass-Weight Transp of Pot Temp
    54 |VTHMASS | 50 |    53 |VVr     MR|degC.m/s        |Meridional Mass-Weight Transp of Pot Temp
    55 |WTHMASS | 50 |       |WM      LR|degC.m/s        |Vertical Mass-Weight Transp of Pot Temp (K.m/s)
    56 |USLTMASS| 50 |    57 |UUr     MR|psu.m/s         |Zonal Mass-Weight Transp of Salinity
    57 |VSLTMASS| 50 |    56 |VVr     MR|psu.m/s         |Meridional Mass-Weight Transp of Salinity
    58 |WSLTMASS| 50 |       |WM      LR|psu.m/s         |Vertical Mass-Weight Transp of Salinity
    59 |UVELTH  | 50 |    60 |UUR     MR|degC.m/s        |Zonal Transport of Pot Temp
    60 |VVELTH  | 50 |    59 |VVR     MR|degC.m/s        |Meridional Transport of Pot Temp
    61 |WVELTH  | 50 |       |WM      LR|degC.m/s        |Vertical Transport of Pot Temp
    62 |UVELSLT | 50 |    63 |UUR     MR|psu.m/s         |Zonal Transport of Salinity
    63 |VVELSLT | 50 |    62 |VVR     MR|psu.m/s         |Meridional Transport of Salinity
    64 |WVELSLT | 50 |       |WM      LR|psu.m/s         |Vertical Transport of Salinity
    65 |UVELPHI | 50 |    66 |UUr     MR|m^3/s^3         |Zonal Mass-Weight Transp of Pressure Pot.(p/rho) Anomaly
    66 |VVELPHI | 50 |    65 |VVr     MR|m^3/s^3         |Merid. Mass-Weight Transp of Pressure Pot.(p/rho) Anomaly
    67 |RHOAnoma| 50 |       |SMR     MR|kg/m^3          |Density Anomaly (=Rho-rhoConst)
    68 |RHOANOSQ| 50 |       |SMRP    MR|kg^2/m^6        |Square of Density Anomaly (=(Rho-rhoConst)^2)
    69 |URHOMASS| 50 |    70 |UUr     MR|kg/m^2/s        |Zonal Transport of Density
    70 |VRHOMASS| 50 |    69 |VVr     MR|kg/m^2/s        |Meridional Transport of Density
    71 |WRHOMASS| 50 |       |WM      LR|kg/m^2/s        |Vertical Transport of Density
    72 |WdRHO_P | 50 |       |WM      LR|kg/m^2/s        |Vertical velocity times delta^k(Rho)_at-const-P
    73 |WdRHOdP | 50 |       |WM      LR|kg/m^2/s        |Vertical velocity times delta^k(Rho)_at-const-T,S
    74 |PHIHYD  | 50 |       |SMR     MR|m^2/s^2         |Hydrostatic Pressure Pot.(p/rho) Anomaly
    75 |PHIHYDSQ| 50 |       |SMRP    MR|m^4/s^4         |Square of Hyd. Pressure Pot.(p/rho) Anomaly
    76 |PHIBOT  |  1 |       |SM      M1|m^2/s^2         |Bottom Pressure Pot.(p/rho) Anomaly
    77 |OBP     |  1 |       |SM      M1|m^2/s^2         |Ocean Bottom Pressure
    78 |OBPGMAP |  1 |       |SM      M1|m^2/s^2         |Ocean Bottom Pressure Including Global Mean Atmospheric Pressure
    79 |PHIBOTSQ|  1 |       |SM P    M1|m^4/s^4         |Square of Bottom Pressure Pot.(p/rho) Anomaly
    80 |PHI_SURF|  1 |       |SM      M1|m^2/s^2         |Surface Dynamical Pressure Pot.(p/rho)
    81 |PHIHYDcR| 50 |       |SMR     MR|m^2/s^2         |Hydrostatic Pressure Pot.(p/rho) Anomaly @ const r
    82 |MXLDEPTH|  1 |       |SM      M1|m               |Mixed-Layer Depth (>0)
    83 |DRHODR  | 50 |       |SM      LR|kg/m^4          |Stratification: d.Sigma/dr (kg/m3/r_unit)
    84 |CONVADJ | 50 |       |SMR     LR|fraction        |Convective Adjustment Index [0-1]
    85 |oceTAUX |  1 |    86 |UU      U1|N/m^2           |zonal surface wind stress, >0 increases uVel
    86 |oceTAUY |  1 |    85 |VV      U1|N/m^2           |meridional surf. wind stress, >0 increases vVel
    87 |atmPload|  1 |       |SM      U1|Pa              |Atmospheric pressure loading
    88 |sIceLoad|  1 |       |SM      U1|kg/m^2          |sea-ice loading (in Mass of ice+snow / area unit)
    89 |oceFWflx|  1 |       |SM      U1|kg/m^2/s        |net surface Fresh-Water flux into the ocean (+=down), >0 decreases salinity
    90 |oceSflux|  1 |       |SM      U1|g/m^2/s         |net surface Salt flux into the ocean (+=down), >0 increases salinity
    91 |oceQnet |  1 |       |SM      U1|W/m^2           |net surface heat flux into the ocean (+=down), >0 increases theta
    92 |oceQsw  |  1 |       |SM      U1|W/m^2           |net Short-Wave radiation (+=down), >0 increases theta
    93 |oceFreez|  1 |       |SM      U1|W/m^2           |heating from freezing of sea-water (allowFreezing=T)
    94 |TRELAX  |  1 |       |SM      U1|W/m^2           |surface temperature relaxation, >0 increases theta
    95 |SRELAX  |  1 |       |SM      U1|g/m^2/s         |surface salinity relaxation, >0 increases salt
    96 |surForcT|  1 |       |SM      U1|W/m^2           |model surface forcing for Temperature, >0 increases theta
    97 |surForcS|  1 |       |SM      U1|g/m^2/s         |model surface forcing for Salinity, >0 increases salinity
    98 |TFLUX   |  1 |       |SM      U1|W/m^2           |total heat flux (match heat-content variations), >0 increases theta
    99 |SFLUX   |  1 |       |SM      U1|g/m^2/s         |total salt flux (match salt-content variations), >0 increases salt
------------------------------------------------------------------------------------
  Num  |<-Name->|Levs|  mate |<- code ->|<--  Units   -->|<- Tile (max=80c)         
------------------------------------------------------------------------------------
   100 |TFLUXMLT| 50 |       |SMR     MR|W/m^2           |heat flux due to changing ocean mass by ice melt, >0 increases theta
   101 |SFLUXMLT| 50 |       |SMR     MR|g/m^2/s         |salt flux due to changing ocean mass by ice melt, >0 increases salt
   102 |TFLUXMTI| 50 |       |SMR     MR|W/m^2           |heat flux due to changing ocean mass by ice melt (insitu T), >0 increases theta
   103 |RCENTER | 50 |       |SM      MR|m               |Cell-Center Height
   104 |RSURF   |  1 |       |SM      M1|m               |Surface Height
   105 |TOTUTEND| 50 |   106 |UUR     MR|m/s/day         |Tendency of Zonal Component of Velocity
   106 |TOTVTEND| 50 |   105 |VVR     MR|m/s/day         |Tendency of Meridional Component of Velocity
   107 |TOTTTEND| 50 |       |SMR     MR|degC/day        |Tendency of Potential Temperature
   108 |TOTSTEND| 50 |       |SMR     MR|psu/day         |Tendency of Salinity
   109 |MoistCor| 50 |       |SM      MR|W/m^2           |Heating correction due to moist thermodynamics
   110 |gT_Forc | 50 |       |SMR     MR|degC/s          |Potential Temp. forcing tendency
   111 |gS_Forc | 50 |       |SMR     MR|psu/s           |Salinity forcing tendency
   112 |AB_gT   | 50 |       |SMR     MR|degC/s          |Potential Temp. tendency from Adams-Bashforth
   113 |AB_gS   | 50 |       |SMR     MR|psu/s           |Salinity tendency from Adams-Bashforth
   114 |gTinAB  | 50 |       |SMR     MR|degC/s          |Potential Temp. tendency going in Adams-Bashforth
   115 |gSinAB  | 50 |       |SMR     MR|psu/s           |Salinity tendency going in Adams-Bashforth
   116 |AB_gU   | 50 |   117 |UUR     MR|m/s^2           |U momentum tendency from Adams-Bashforth
   117 |AB_gV   | 50 |   116 |VVR     MR|m/s^2           |V momentum tendency from Adams-Bashforth
   118 |ADJetan |  1 |       |SM A    M1|dJ/m            |dJ/dEtaN: Sensitivity to sea surface height anomaly
   119 |ADJuvel | 50 |   120 |UURA    MR|dJ/(m/s)        |dJ/dU: Sensitivity to zonal velocity
   120 |ADJvvel | 50 |   119 |VVRA    MR|dJ/(m/s)        |dJ/dV: Sensitivity to meridional velocity
   121 |ADJwvel | 50 |       |WM A    LR|dJ/(m/s)        |dJ/dW: Sensitivity to vertical velocity
   122 |ADJtheta| 50 |       |SMRA    MR|dJ/degC         |dJ/dTheta: Sensitivity to potential temperature
   123 |ADJsalt | 50 |       |SMRA    MR|dJ/psu          |dJ/dSalt: Sensitivity to salinity
   124 |ADVr_TH | 50 |       |WM      LR|degC.m^3/s      |Vertical   Advective Flux of Pot.Temperature
   125 |ADVx_TH | 50 |   126 |UU      MR|degC.m^3/s      |Zonal      Advective Flux of Pot.Temperature
   126 |ADVy_TH | 50 |   125 |VV      MR|degC.m^3/s      |Meridional Advective Flux of Pot.Temperature
   127 |DFrE_TH | 50 |       |WM      LR|degC.m^3/s      |Vertical Diffusive Flux of Pot.Temperature (Explicit part)
   128 |DFxE_TH | 50 |   129 |UU      MR|degC.m^3/s      |Zonal      Diffusive Flux of Pot.Temperature
   129 |DFyE_TH | 50 |   128 |VV      MR|degC.m^3/s      |Meridional Diffusive Flux of Pot.Temperature
   130 |DFrI_TH | 50 |       |WM      LR|degC.m^3/s      |Vertical Diffusive Flux of Pot.Temperature (Implicit part)
   131 |ADVr_SLT| 50 |       |WM      LR|g/kg.m^3/s      |Vertical   Advective Flux of Salinity
   132 |ADVx_SLT| 50 |   133 |UU      MR|g/kg.m^3/s      |Zonal      Advective Flux of Salinity
   133 |ADVy_SLT| 50 |   132 |VV      MR|g/kg.m^3/s      |Meridional Advective Flux of Salinity
   134 |DFrE_SLT| 50 |       |WM      LR|g/kg.m^3/s      |Vertical Diffusive Flux of Salinity    (Explicit part)
   135 |DFxE_SLT| 50 |   136 |UU      MR|g/kg.m^3/s      |Zonal      Diffusive Flux of Salinity
   136 |DFyE_SLT| 50 |   135 |VV      MR|g/kg.m^3/s      |Meridional Diffusive Flux of Salinity
   137 |DFrI_SLT| 50 |       |WM      LR|g/kg.m^3/s      |Vertical Diffusive Flux of Salinity    (Implicit part)
   138 |SALTFILL| 50 |       |SM      MR|g/kg.m^3/s      |Filling of Negative Values of Salinity
   139 |VISCAHZ | 50 |       |SZ      MR|m^2/s           |Harmonic Visc Coefficient (m2/s) (Zeta Pt)
   140 |VISCA4Z | 50 |       |SZ      MR|m^4/s           |Biharmonic Visc Coefficient (m4/s) (Zeta Pt)
   141 |VISCAHD | 50 |       |SM      MR|m^2/s           |Harmonic Viscosity Coefficient (m2/s) (Div Pt)
   142 |VISCA4D | 50 |       |SM      MR|m^4/s           |Biharmonic Viscosity Coefficient (m4/s) (Div Pt)
   143 |VISCAHW | 50 |       |WM      LR|m^2/s           |Harmonic Viscosity Coefficient (m2/s) (W Pt)
   144 |VISCA4W | 50 |       |WM      LR|m^4/s           |Biharmonic Viscosity Coefficient (m4/s) (W Pt)
   145 |VAHZMAX | 50 |       |SZ      MR|m^2/s           |CFL-MAX Harm Visc Coefficient (m2/s) (Zeta Pt)
   146 |VA4ZMAX | 50 |       |SZ      MR|m^4/s           |CFL-MAX Biharm Visc Coefficient (m4/s) (Zeta Pt)
   147 |VAHDMAX | 50 |       |SM      MR|m^2/s           |CFL-MAX Harm Visc Coefficient (m2/s) (Div Pt)
   148 |VA4DMAX | 50 |       |SM      MR|m^4/s           |CFL-MAX Biharm Visc Coefficient (m4/s) (Div Pt)
   149 |VAHZMIN | 50 |       |SZ      MR|m^2/s           |RE-MIN Harm Visc Coefficient (m2/s) (Zeta Pt)
   150 |VA4ZMIN | 50 |       |SZ      MR|m^4/s           |RE-MIN Biharm Visc Coefficient (m4/s) (Zeta Pt)
   151 |VAHDMIN | 50 |       |SM      MR|m^2/s           |RE-MIN Harm Visc Coefficient (m2/s) (Div Pt)
   152 |VA4DMIN | 50 |       |SM      MR|m^4/s           |RE-MIN Biharm Visc Coefficient (m4/s) (Div Pt)
   153 |VAHZLTH | 50 |       |SZ      MR|m^2/s           |Leith Harm Visc Coefficient (m2/s) (Zeta Pt)
   154 |VA4ZLTH | 50 |       |SZ      MR|m^4/s           |Leith Biharm Visc Coefficient (m4/s) (Zeta Pt)
   155 |VAHDLTH | 50 |       |SM      MR|m^2/s           |Leith Harm Visc Coefficient (m2/s) (Div Pt)
   156 |VA4DLTH | 50 |       |SM      MR|m^4/s           |Leith Biharm Visc Coefficient (m4/s) (Div Pt)
   157 |VAHZLTHD| 50 |       |SZ      MR|m^2/s           |LeithD Harm Visc Coefficient (m2/s) (Zeta Pt)
   158 |VA4ZLTHD| 50 |       |SZ      MR|m^4/s           |LeithD Biharm Visc Coefficient (m4/s) (Zeta Pt)
   159 |VAHDLTHD| 50 |       |SM      MR|m^2/s           |LeithD Harm Visc Coefficient (m2/s) (Div Pt)
   160 |VA4DLTHD| 50 |       |SM      MR|m^4/s           |LeithD Biharm Visc Coefficient (m4/s) (Div Pt)
   161 |VAHZSMAG| 50 |       |SZ      MR|m^2/s           |Smagorinsky Harm Visc Coefficient (m2/s) (Zeta Pt)
   162 |VA4ZSMAG| 50 |       |SZ      MR|m^4/s           |Smagorinsky Biharm Visc Coeff. (m4/s) (Zeta Pt)
   163 |VAHDSMAG| 50 |       |SM      MR|m^2/s           |Smagorinsky Harm Visc Coefficient (m2/s) (Div Pt)
   164 |VA4DSMAG| 50 |       |SM      MR|m^4/s           |Smagorinsky Biharm Visc Coeff. (m4/s) (Div Pt)
   165 |momKE   | 50 |       |SMR     MR|m^2/s^2         |Kinetic Energy (in momentum Eq.)
   166 |momHDiv | 50 |       |SMR     MR|s^-1            |Horizontal Divergence (in momentum Eq.)
   167 |momVort3| 50 |       |SZR     MR|s^-1            |3rd component (vertical) of Vorticity
   168 |Strain  | 50 |       |SZR     MR|s^-1            |Horizontal Strain of Horizontal Velocities
   169 |Tension | 50 |       |SMR     MR|s^-1            |Horizontal Tension of Horizontal Velocities
   170 |Stretch | 50 |       |SM      MR|s^-1            |Vortex stretching from QG Leith dynamic viscosity
   171 |USidDrag| 50 |   172 |UUR     MR|m/s^2           |U momentum tendency from Side Drag
   172 |VSidDrag| 50 |   171 |VVR     MR|m/s^2           |V momentum tendency from Side Drag
   173 |Um_Diss | 50 |   174 |UUR     MR|m/s^2           |U momentum tendency from Dissipation (Explicit part)
   174 |Vm_Diss | 50 |   173 |VVR     MR|m/s^2           |V momentum tendency from Dissipation (Explicit part)
   175 |Um_ImplD| 50 |   176 |UUR     MR|m/s^2           |U momentum tendency from Dissipation (Implicit part)
   176 |Vm_ImplD| 50 |   175 |VVR     MR|m/s^2           |V momentum tendency from Dissipation (Implicit part)
   177 |Um_Advec| 50 |   178 |UUR     MR|m/s^2           |U momentum tendency from Advection terms
   178 |Vm_Advec| 50 |   177 |VVR     MR|m/s^2           |V momentum tendency from Advection terms
   179 |Um_Cori | 50 |   180 |UUR     MR|m/s^2           |U momentum tendency from Coriolis term
   180 |Vm_Cori | 50 |   179 |VVR     MR|m/s^2           |V momentum tendency from Coriolis term
   181 |Um_dPhiX| 50 |   182 |UUR     MR|m/s^2           |U momentum tendency from Pressure/Potential grad
   182 |Vm_dPhiY| 50 |   181 |VVR     MR|m/s^2           |V momentum tendency from Pressure/Potential grad
   183 |Um_Ext  | 50 |   184 |UUR     MR|m/s^2           |U momentum tendency from external forcing
   184 |Vm_Ext  | 50 |   183 |VVR     MR|m/s^2           |V momentum tendency from external forcing
   185 |Um_Impl | 50 |   186 |UUR     MR|m/s^2           |U momentum tendency from implicit viscosity
   186 |Vm_Impl | 50 |   185 |VVR     MR|m/s^2           |V momentum tendency from implicit viscosity
   187 |Um_OBCS | 50 |   188 |UUR     MR|m/s^2           |U momentum tendency from open bcs
   188 |Vm_OBCS | 50 |   187 |VVR     MR|m/s^2           |V momentum tendency from open bcs
   189 |Um_dPsdx| 50 |   190 |UUR     MR|m/s^2           |U momentum tendency from sfc PGF
   190 |Vm_dPsdy| 50 |   189 |VVR     MR|m/s^2           |V momentum tendency from sfc PGF
   191 |Um_Wind | 50 |   192 |UUR     MR|m/s^2           |U momentum tendency from wind
   192 |Vm_Wind | 50 |   191 |VVR     MR|m/s^2           |V momentum tendency from wind
   193 |Um_CorNL| 50 |   194 |UUR     MR|m/s^2           |U momentum tendency from nontrad (cosine) Coriolis
   194 |Vm_CorNL| 50 |   193 |VVR     MR|m/s^2           |V momentum tendency from nontrad (cosine) Coriolis
   195 |Um_dKEdx| 50 |   196 |UUR     MR|m/s^2           |U momentum tendency from grad KE
   196 |Vm_dKEdy| 50 |   195 |VVR     MR|m/s^2           |V momentum tendency from grad KE
   197 |Um_Diss2| 50 |   198 |UUR     MR|m/s^2           |U momentum tendency from harmonic visc alone
   198 |Vm_Diss2| 50 |   197 |VVR     MR|m/s^2           |V momentum tendency from harmonic visc alone
   199 |Um_Diss4| 50 |   200 |UUR     MR|m/s^2           |U momentum tendency from biharmonic visc alone
------------------------------------------------------------------------------------
  Num  |<-Name->|Levs|  mate |<- code ->|<--  Units   -->|<- Tile (max=80c)         
------------------------------------------------------------------------------------
   200 |Vm_Diss4| 50 |   199 |VVR     MR|m/s^2           |V momentum tendency from biharmonic visc alone
   201 |Um_AdvZ3| 50 |   202 |UUR     MR|m/s^2           |U momentum tendency from Vorticity Advection
   202 |Vm_AdvZ3| 50 |   201 |VVR     MR|m/s^2           |V momentum tendency from Vorticity Advection
   203 |Um_AdvRe| 50 |   204 |UUR     MR|m/s^2           |U momentum tendency from vertical Advection (Explicit part)
   204 |Vm_AdvRe| 50 |   203 |VVR     MR|m/s^2           |V momentum tendency from vertical Advection (Explicit part)
   205 |UBotDrag| 50 |   206 |UUR     MR|m/s^2           |U momentum tendency from Bottom Drag
   206 |VBotDrag| 50 |   205 |VVR     MR|m/s^2           |V momentum tendency from Bottom Drag
   207 |UShIDrag| 50 |   208 |UUR     MR|m/s^2           |U momentum tendency from ice shelf Drag
   208 |VShIDrag| 50 |   207 |VVR     MR|m/s^2           |V momentum tendency from ice shelf Drag
   209 |botTauX |  1 |   210 |UU      U1|N/m^2           |zonal bottom stress, >0 increases uVel
   210 |botTauY |  1 |   209 |VV      U1|N/m^2           |meridional bottom stress, >0 increases vVel
   211 |VISrI_Um| 50 |       |WU      LR|m^4/s^2         |Vertical   Viscous Flux of U momentum (Implicit part)
   212 |VISrI_Vm| 50 |       |WV      LR|m^4/s^2         |Vertical   Viscous Flux of V momentum (Implicit part)
   213 |EXFhs   |  1 |       |SM      U1|W/m^2           |Sensible heat flux into ocean, >0 increases theta
   214 |EXFhl   |  1 |       |SM      U1|W/m^2           |Latent heat flux into ocean, >0 increases theta
   215 |EXFlwnet|  1 |       |SM      U1|W/m^2           |Net upward longwave radiation, >0 decreases theta
   216 |EXFswnet|  1 |       |SM      U1|W/m^2           |Net upward shortwave radiation, >0 decreases theta
   217 |EXFlwdn |  1 |       |SM      U1|W/m^2           |Downward longwave radiation, >0 increases theta
   218 |EXFswdn |  1 |       |SM      U1|W/m^2           |Downward shortwave radiation, >0 increases theta
   219 |EXFqnet |  1 |       |SM      U1|W/m^2           |Net upward heat flux (turb+rad), >0 decreases theta
   220 |EXFtaux |  1 |       |UM      U1|N/m^2           |zonal surface wind stress, >0 increases uVel
   221 |EXFtauy |  1 |       |VM      U1|N/m^2           |meridional surface wind stress, >0 increases vVel
   222 |EXFuwind|  1 |       |UM      U1|m/s             |zonal 10-m wind speed, >0 eastward
   223 |EXFvwind|  1 |       |VM      U1|m/s             |meridional 10-m wind speed, >0 northward
   224 |EXFurelw|  1 |       |UM      U1|m/s             |zonal relative 10-m wind speed, >0 eastward
   225 |EXFvrelw|  1 |       |VM      U1|m/s             |meridional relative 10-m wind speed, >0 northward
   226 |EXFwspee|  1 |       |SM      U1|m/s             |10-m wind speed modulus ( >= 0 )
   227 |EXFatemp|  1 |       |SM      U1|degK            |surface (2-m) air temperature
   228 |EXFaqh  |  1 |       |SM      U1|kg/kg           |surface (2-m) specific humidity
   229 |EXFevap |  1 |       |SM      U1|m/s             |evaporation, > 0 increases salinity
   230 |EXFpreci|  1 |       |SM      U1|m/s             |precipitation, > 0 decreases salinity
   231 |EXFsnow |  1 |       |SM      U1|m/s             |snow precipitation, > 0 decreases salinity
   232 |EXFempmr|  1 |       |SM      U1|m/s             |net upward freshwater flux, > 0 increases salinity
   233 |EXFpress|  1 |       |SM      U1|N/m^2           |atmospheric pressure field
   234 |EXFroff |  1 |       |SM      U1|m/s             |river runoff, > 0 decreases salinity
   235 |EXFroft |  1 |       |SM      U1|deg C           |river runoff temperature
   236 |EXFsalfx|  1 |       |SM      U1|g/m^2/s         |upward salt flux, > 0 decreases salinity
   237 |ADJustrs|  1 |   238 |UM A    U1|dJ/(N/m^2)      |dJ/dustress: Senstivity to zonal surface wind stress
   238 |ADJvstrs|  1 |   237 |VM A    U1|dJ/(N/m^2)      |dJ/dvstrs: Sensitivity to merid. surface wind stress
   239 |ADJhflux|  1 |       |SM A    U1|dJ/(W/m^2)      |dJ/dhflux: Sensitivity to upward heat flux
   240 |ADJsflux|  1 |       |SM A    U1|dJ/(m/s)        |dJ/dhflux: Sensitivity to upward fresh water flux
   241 |ADJatemp|  1 |       |SM A    U1|dJ/K            |dJ/datemp: Sensitivity to atmos. surface temperature
   242 |ADJpreci|  1 |       |SM A    U1|dJ/(m/s)        |dJ/daqh: Sensitivity to precipitation
   243 |ADJroff |  1 |       |SM A    U1|dJ/(m/s)        |dJ/daqh: Sensitivity to river runoff
   244 |ADJswdn |  1 |       |SM A    U1|dJ/(W/m^2)      |dJ/dswdown: Sensitivity to downward SW radiation
   245 |ADJlwdn |  1 |       |SM A    U1|dJ/(W/m^2)      |dJ/dlwdown: Sensitivity to downward LW radiation
   246 |ADJuwind|  1 |       |UM A    U1|dJ/d(m/s)       |dJ/duwind: Senstivity to zonal 10-m wind speed
   247 |ADJvwind|  1 |       |VM A    U1|dJ/d(m/s)       |dJ/dvwind: Senstivity to meridional 10-m wind speed
   248 |ADJclsst|  1 |       |SM A    U1|dJ/K            |dJ/dclimsst: Sensitivity to restoring SST
   249 |ADJclsss|  1 |       |SM A    U1|dJ/(g/kg)       |dJ/dclimsss: Sensitivity to restoring SSS
   250 |GGL90TKE| 50 |       |SM      LR|m^2/s^2         |GGL90 sub-grid turbulent kinetic energy
   251 |GGL90Lmx| 50 |       |SM      LR|m               |Mixing length scale
   252 |GGL90Prl| 50 |       |SM      LR|1               |Prandtl number used in GGL90
   253 |GGL90ArU| 50 |       |SM      LR|m^2/s           |GGL90 eddy viscosity at U-point
   254 |GGL90ArV| 50 |       |SM      LR|m^2/s           |GGL90 eddy viscosity at V-point
   255 |GGL90Kr | 50 |       |SM      LR|m^2/s           |GGL90 diffusion coefficient for temperature
   256 |GGL90flx|  1 |       |SM      L1|m^3/s^3         |Surface flux of TKE
   257 |GGL90tau|  1 |       |SM      L1|m^3/s^3         |Work done by the wind
   258 |ADJtke90| 50 |       |SMRA    MR|dJ/(m^2/s^2)    |dJ/dTKE: Sensitivity to GGL90 TKE
   259 |GM_VisbK|  1 |       |SM P    M1|m^2/s           |Mixing coefficient from Visbeck etal parameterization
   260 |GM_hTrsL|  1 |       |SM P    M1|m               |Base depth (>0) of the Transition Layer
   261 |GM_baseS|  1 |       |SM P    M1|1               |Slope at the base of the Transition Layer
   262 |GM_rLamb|  1 |       |SM P    M1|1/m             |Slope vertical gradient at Trans. Layer Base (=recip.Lambda)
   263 |GM_Kux  | 50 |   264 |UU P    MR|m^2/s           |K_11 element (U.point, X.dir) of GM-Redi tensor
   264 |GM_Kvy  | 50 |   263 |VV P    MR|m^2/s           |K_22 element (V.point, Y.dir) of GM-Redi tensor
   265 |GM_Kuz  | 50 |   266 |UU      MR|m^2/s           |K_13 element (U.point, Z.dir) of GM-Redi tensor
   266 |GM_Kvz  | 50 |   265 |VV      MR|m^2/s           |K_23 element (V.point, Z.dir) of GM-Redi tensor
   267 |GM_Kwx  | 50 |   268 |UM      LR|m^2/s           |K_31 element (W.point, X.dir) of GM-Redi tensor
   268 |GM_Kwy  | 50 |   267 |VM      LR|m^2/s           |K_32 element (W.point, Y.dir) of GM-Redi tensor
   269 |GM_Kwz  | 50 |       |WM P    LR|m^2/s           |K_33 element (W.point, Z.dir) of GM-Redi tensor
   270 |GM_PsiX | 50 |   271 |UU      LR|m^2/s           |GM Bolus transport stream-function : U component
   271 |GM_PsiY | 50 |   270 |VV      LR|m^2/s           |GM Bolus transport stream-function : V component
   272 |GM_KuzTz| 50 |   273 |UU      MR|degC.m^3/s      |Redi Off-diagonal Temperature flux: X component
   273 |GM_KvzTz| 50 |   272 |VV      MR|degC.m^3/s      |Redi Off-diagonal Temperature flux: Y component
   274 |GM_KwzTz| 50 |       |WM      LR|degC.m^3/s      |Redi main-diagonal vertical Temperature flux
   275 |GM_ubT  | 50 |   276 |UUr     MR|degC.m^3/s      |Zonal Mass-Weight Bolus Transp of Pot Temp
   276 |GM_vbT  | 50 |   275 |VVr     MR|degC.m^3/s      |Meridional Mass-Weight Bolus Transp of Pot Temp
   277 |ADJkapgm| 50 |       |SMRA    MR|dJ/d[m^2/s]     |dJ/dKgm: Sensitivity to GM Intensity
   278 |ADJkapre| 50 |       |SMRA    MR|dJ/d[m^2/s]     |dJ/dKredi: Sensitivity to Redi Coefficient
   279 |SHIfwFlx|  1 |       |SM      L1|kg/m^2/s        |Ice shelf fresh water flux (positive upward)
   280 |SHIhtFlx|  1 |       |SM      L1|W/m^2           |Ice shelf heat flux  (positive upward)
   281 |SHIICFfw|  1 |       |SM      L1|kg/m^2/s        |total ice shelf and front FW flux (+ upward)
   282 |SHIICFht|  1 |       |SM      L1|W/m^2           |total ice shelf and ice front heat flux (+ upward)
   283 |ICFfwFlx| 50 |       |SM      MR|kg/m^2/s        |Ice front freshwater flux (+ve increases ocean salt)
   284 |ICFhtFlx| 50 |       |SM      MR|W/m^2           |Ice front heat flux  (+ve cools ocean)
   285 |SHI_TauX|  1 |   286 |UU      L1|N/m^2           |Ice shelf bottom stress, zonal  comp., >0 increases uVel
   286 |SHI_TauY|  1 |   285 |VV      L1|N/m^2           |Ice shelf bottom stress, merid. comp., >0 increases vVel
   287 |SHIForcT|  1 |       |SM      L1|W/m^2           |Ice shelf forcing for theta, >0 increases theta
   288 |SHIForcS|  1 |       |SM      L1|g/m^2/s         |Ice shelf forcing for salt, >0 increases salt
   289 |ICFForcT| 50 |       |SM      MR|W/m^2           |Ice front forcing for theta, >0 increases theta
   290 |ICFForcS| 50 |       |SM      MR|g/m^2/s         |Ice front forcing for salt, >0 increases salt
   291 |SHIICFFT|  1 |       |SM      L1|W/m^2           |total SHI and ICF forcing for T, >0 increases theta
   292 |SHIICFFS|  1 |       |SM      L1|g/m^2/s         |total SHI and ICF forcing for S, >0 increases salt
   293 |SHIgammT| 50 |       |SMR     MR|m/s             |Ice shelf exchange coefficient for theta
   294 |SHIgammS| 50 |       |SMR     MR|m/s             |Ice shelf exchange coefficient for salt
   295 |SHI_mass|  1 |       |SM      L1|kg/m^2          |dynamic ice shelf mass for surface load anomaly
   296 |SHIuStar|  1 |       |SM      L1|m/s             |Friction velocity at bottom of ice shelf
   297 |SHICDrag|  1 |       |SM      L1|1               |Shelfice drag coefficient for u* parameterization
   298 |ADJshicd|  1 |       |SM A    M1|dJ/1            |dJ/dcDrag: Sensitivity to shelfice u* drag coeff
   299 |SIarea  |  1 |       |SM      M1|m^2/m^2         |SEAICE fractional ice-covered area [0 to 1]
------------------------------------------------------------------------------------
  Num  |<-Name->|Levs|  mate |<- code ->|<--  Units   -->|<- Tile (max=80c)         
------------------------------------------------------------------------------------
   300 |SIareaPR|  1 |       |SM      M1|m^2/m^2         |SIarea preceeding ridging process
   301 |SIareaPT|  1 |       |SM      M1|m^2/m^2         |SIarea preceeding thermodynamic growth/melt
   302 |SIheff  |  1 |       |SM      M1|m               |SEAICE effective ice thickness
   303 |SIheffPT|  1 |       |SM      M1|m               |SIheff preceeeding thermodynamic growth/melt
   304 |SIhsnow |  1 |       |SM      M1|m               |SEAICE effective snow thickness
   305 |SIhsnoPT|  1 |       |SM      M1|m               |SIhsnow preceeeding thermodynamic growth/melt
   306 |SIhsalt |  1 |       |SM      M1|g/m^2           |SEAICE effective salinity
   307 |SIenpa  |  1 |       |SM      M1|W/m^2           |SEAICE power input by surface wind stresses
   308 |SIenpw  |  1 |       |SM      M1|W/m^2           |SEAICE work done by ocean drag
   309 |SIenph  |  1 |       |SM      M1|W/m^2           |SEAICE power due to change in inertia
   310 |SIenpg  |  1 |       |SM      M1|W/m^2           |SEAICE work generated by gravity
   311 |SIenpi  |  1 |       |SM      M1|W/m^2           |SEAICE work done by internal stress
   312 |SIenpot |  1 |       |SM      M1|W/m^2           |SEAICE work done to change potential energy
   313 |SIpRfric|  1 |       |SM      M1|W/m^2           |SEAICE dissipation in ridging by internal stresses
   314 |SIpSfric|  1 |       |SM      M1|W/m^2           |SEAICE dissipation in shearing by internal stresses
   315 |SItices |  1 |   299 |SM  C   M1|K               |Surface Temperature over Sea-Ice (area weighted)
   316 |SIuice  |  1 |   317 |UU      M1|m/s             |SEAICE zonal ice velocity, >0 from West to East
   317 |SIvice  |  1 |   316 |VV      M1|m/s             |SEAICE merid. ice velocity, >0 from South to North
   318 |SItaux  |  1 |   319 |UU      U1|N/m^2           |SEAICE zonal surface wind stress, >0 increases uIce
   319 |SItauy  |  1 |   318 |VV      U1|N/m^2           |SEAICE merid surface wind stress, >0 increases vIce
   320 |SIatmTx |  1 |   321 |UU      U1|N/m^2           |Zonal surface wind stress over Ocean+SeaIce
   321 |SIatmTy |  1 |   320 |VV      U1|N/m^2           |Merid surface wind stress over Ocean+SeaIce
   322 |SIqnet  |  1 |       |SM      U1|W/m^2           |Ocean surface heatflux, turb+rad, >0 decreases theta
   323 |SIqsw   |  1 |       |SM      U1|W/m^2           |Ocean surface shortwave radiat., >0 decreases theta
   324 |SIatmQnt|  1 |       |SM      U1|W/m^2           |Net atmospheric heat flux, >0 decreases theta
   325 |SItflux |  1 |       |SM      U1|W/m^2           |Same as TFLUX but incl seaice (>0 incr T decr H)
   326 |SIaaflux|  1 |       |SM      U1|W/m^2           |conservative ocn<->seaice adv. heat flux adjust.
   327 |SIhl    |  1 |       |SM      U1|W/m^2           |Latent heat flux into ocean, >0 increases theta
   328 |SIqneto |  1 |       |SM      U1|W/m^2           |Open Ocean Part of SIqnet, turb+rad, >0 decr theta
   329 |SIqneti |  1 |       |SM      U1|W/m^2           |Ice Covered Part of SIqnet, turb+rad, >0 decr theta
   330 |SIempmr |  1 |       |SM      U1|kg/m^2/s        |Ocean surface freshwater flux, > 0 increases salt
   331 |SIatmFW |  1 |       |SM      U1|kg/m^2/s        |Net freshwater flux from atmosphere & land (+=down)
   332 |SIsnPrcp|  1 |       |SM      U1|kg/m^2/s        |Snow precip. (+=dw) over Sea-Ice (area weighted)
   333 |SIfwSubl|  1 |       |SM      U1|kg/m^2/s        |Potential sublimation freshwater flux, >0 decr. ice
   334 |SIacSubl|  1 |       |SM      U1|kg/m^2/s        |Actual sublimation freshwater flux, >0 decr. ice
   335 |SIrsSubl|  1 |       |SM      U1|kg/m^2/s        |Residual subl. freshwater flux, >0 taken from ocn
   336 |SIfwThru|  1 |       |SM      U1|kg/m^2/s        |Freshwater flux through sea-ice to ocean (+=downward)
   337 |SIactLHF|  1 |       |SM      U1|W/m^2           |Actual latent heat flux over ice
   338 |SImaxLHF|  1 |       |SM      U1|W/m^2           |Maximum latent heat flux over ice
   339 |SIaQbOCN|  1 |       |SM      M1|m/s             |Potential HEFF rate of change by ocean ice flux
   340 |SIaQbATC|  1 |       |SM      M1|m/s             |Potential HEFF rate of change by atm flux over ice
   341 |SIaQbATO|  1 |       |SM      M1|m/s             |Potential HEFF rate of change by open ocn atm flux
   342 |SIdHbOCN|  1 |       |SM      M1|m/s             |HEFF rate of change by ocean ice flux
   343 |SIdSbATC|  1 |       |SM      M1|m/s             |HSNOW rate of change by atm flux over sea ice
   344 |SIdSbOCN|  1 |       |SM      M1|m/s             |HSNOW rate of change by ocean ice flux
   345 |SIdHbATC|  1 |       |SM      M1|m/s             |HEFF rate of change by atm flux over sea ice
   346 |SIdHbATO|  1 |       |SM      M1|m/s             |HEFF rate of change by open ocn atm flux
   347 |SIdHbFLO|  1 |       |SM      M1|m/s             |HEFF rate of change by flooding snow
   348 |SIFao   |  1 |       |SM      U1|W/m^2           |Open Ocean Part of heat flux, >0 incr H
   349 |SIFionet|  1 |       |SM      U1|W/m^2           |Net conductive heat flux between ice and ocean, >0 incr H
   350 |SIFianet|  1 |       |SM      U1|W/m^2           |Net heat flux between ice and atm, >0 incr H
   351 |SIFmi   |  1 |       |SM      M1|W/m^2           |Heat flux between ice and ocean, >0 decr H
   352 |SIANTVC |  1 |       |SM      M1|m/s             |Actual thermodynamic sea-ice volume change, >0 incr H
   353 |SIFFlood|  1 |       |SM      M1|m/s             |HEFF rate of change by flooding snow
   354 |SIsnAccR|  1 |       |SM      U1|m/s             |HSNOW rate of change by snow over Sea-Ice
   355 |SIsnmltS|  1 |       |SM      U1|m/s             |HSNOW rate of change by melt from surface, >0 decr H
   356 |SIANTSM |  1 |       |SM      U1|m/s             |Actual snow volume melt, >0 decr HSNOW
   357 |SIgamma |  1 |       |SM      M1|fraction        |Scaling factor to match flux with actual HIFF change
   358 |SIgmacnt|  1 |       |SM      M1|count           |Counter for number of SIgamma different from one
   359 |SIheffNe|  1 |       |SM      M1|m               |Change of SIheff (m) after advection to make them physical
   360 |SIhsnwNe|  1 |       |SM      M1|m               |Change of SIhsnow (m) after advection to make them physical
   361 |SIdAbATO|  1 |       |SM      M1|m^2/m^2/s       |Potential AREA rate of change by open ocn atm flux
   362 |SIdAbATC|  1 |       |SM      M1|m^2/m^2/s       |Potential AREA rate of change by atm flux over ice
   363 |SIdAbOCN|  1 |       |SM      M1|m^2/m^2/s       |Potential AREA rate of change by ocean ice flux
   364 |SIdA    |  1 |       |SM      M1|m^2/m^2/s       |AREA rate of change (net)
   365 |ADVxHEFF|  1 |   366 |UU      M1|m.m^2/s         |Zonal      Advective Flux of eff ice thickn
   366 |ADVyHEFF|  1 |   365 |VV      M1|m.m^2/s         |Meridional Advective Flux of eff ice thickn
   367 |DFxEHEFF|  1 |   368 |UU      M1|m.m^2/s         |Zonal      Diffusive Flux of eff ice thickn
   368 |DFyEHEFF|  1 |   367 |VV      M1|m.m^2/s         |Meridional Diffusive Flux of eff ice thickn
   369 |ADVxAREA|  1 |   370 |UU      M1|m^2/m^2.m^2/s   |Zonal      Advective Flux of fract area
   370 |ADVyAREA|  1 |   369 |VV      M1|m^2/m^2.m^2/s   |Meridional Advective Flux of fract area
   371 |DFxEAREA|  1 |   372 |UU      M1|m^2/m^2.m^2/s   |Zonal      Diffusive Flux of fract area
   372 |DFyEAREA|  1 |   371 |VV      M1|m^2/m^2.m^2/s   |Meridional Diffusive Flux of fract area
   373 |ADVxSNOW|  1 |   374 |UU      M1|m.m^2/s         |Zonal      Advective Flux of eff snow thickn
   374 |ADVySNOW|  1 |   373 |VV      M1|m.m^2/s         |Meridional Advective Flux of eff snow thickn
   375 |DFxESNOW|  1 |   376 |UU      M1|m.m^2/s         |Zonal      Diffusive Flux of eff snow thickn
   376 |DFyESNOW|  1 |   375 |VV      M1|m.m^2/s         |Meridional Diffusive Flux of eff snow thickn
   377 |ADVxSSLT|  1 |   378 |UU      M1|g/kg.m^2/s      |Zonal      Advective Flux of seaice salinity
   378 |ADVySSLT|  1 |   377 |VV      M1|g/kg.m^2/s      |Meridional Advective Flux of seaice salinity
   379 |DFxESSLT|  1 |   380 |UU      M1|g/kg.m^2/s      |Zonal      Diffusive Flux of seaice salinity
   380 |DFyESSLT|  1 |   379 |VV      M1|g/kg.m^2/s      |Meridional Diffusive Flux of seaice salinity
   381 |SIuheff |  1 |   382 |UU      M1|m^2/s           |Zonal      Transport of eff ice thickn (centered)
   382 |SIvheff |  1 |   381 |VV      M1|m^2/s           |Meridional Transport of eff ice thickn (centered)
   383 |SIpress |  1 |       |SM      M1|N/m             |SEAICE strength (with upper and lower limit)
   384 |SIzeta  |  1 |       |SM      M1|kg/s            |SEAICE nonlinear bulk viscosity
   385 |SIeta   |  1 |       |SM      M1|kg/s            |SEAICE nonlinear shear viscosity
   386 |SIsig1  |  1 |       |SM      M1|no units        |SEAICE normalized principle stress, component one
   387 |SIsig2  |  1 |       |SM      M1|no units        |SEAICE normalized principle stress, component two
   388 |SIshear |  1 |       |SM      M1|1/s             |SEAICE shear deformation rate
   389 |SIdelta |  1 |       |SM      M1|1/s             |SEAICE Delta deformation rate
   390 |SItensil|  1 |       |SM      M1|N/m             |SEAICE maximal tensile strength
   391 |ADJarea |  1 |       |SM A    M1|dJ/(m^2/m^2)    |dJ/darea: Sensitivity to seaice fractional ice-cover
   392 |ADJheff |  1 |       |SM A    M1|dJ/dm           |dJ/dheff: Sensitvity to seaice ice thickness
   393 |ADJhsnow|  1 |       |SM A    M1|dJ/dm           |dJ/dhsnow: Sensitivity to seaice snow thickness
   394 |ADJuice |  1 |   395 |UU A    M1|dJ/(m/s)        |dJ/duice: sensitivity to zonal ice velocity
   395 |ADJvice |  1 |   394 |VV A    M1|dJ/(m/s)        |dJ/dvice: sensitivity to meridional ice velocity
   396 |PLUMEKB | 50 |       |SM      MR|                |fractional plume: [0-1] (unitless)
   397 |oceSPtnd| 50 |       |SM      MR|g/m^2/s         |salt tendency due to salt plume flux >0 increases salinity
   398 |oceSPflx|  1 |       |SM      U1|g/m^2/s         |net surface Salt flux rejected into the ocean during freezing, (+=down),
   399 |oceSPDep|  1 |       |SM      U1|m               |Salt plume depth based on density criterion (>0)
------------------------------------------------------------------------------------
  Num  |<-Name->|Levs|  mate |<- code ->|<--  Units   -->|<- Tile (max=80c)         
------------------------------------------------------------------------------------
   400 |UVELSTAR| 50 |   401 |UUR     MR|m/s             |X-Comp of Bolus Velocity (m/s) weighted by hFacW
   401 |VVELSTAR| 50 |   400 |VVR     MR|m/s             |Y-Comp of Bolus Velocity (m/s) weighted by hFacS
   402 |WVELSTAR| 50 |       |WM      LR|m/s             |Vertical Component of Bolus Velocity (r_units/s)
   403 |Um_dPHdx| 50 |   404 |UUR     MR|m/s^2           |U momentum tendency from Hydrostatic Pressure grad
   404 |Vm_dPHdy| 50 |   403 |VVR     MR|m/s^2           |V momentum tendency from Hydrostatic Pressure grad
   405 |ALB     |  1 |       |SM      M1|                |Albedo
   406 |ALBICE  |  1 |       |SM      M1|                |Albedo ICE
   407 |ALBSNOW |  1 |       |SM      M1|                |Albedo SNOW
   408 |ALBICEw |  1 |       |SM      M1|                |Albedo ICE-wet
   409 |ALBSNOWw|  1 |       |SM      M1|                |Albedo SNOWwet
------------------------------------------------------------------------------------
  Num  |<-Name->|Levs|  mate |<- code ->|<--  Units   -->|<- Tile (max=80c)         
------------------------------------------------------------------------------------

